

> @repo/trpc-server@1.0.0 build /Users/chris/repos/star-curtain/packages/trpc-server
> tsc

[96msrc/index.ts[0m:[93m5[0m:[93m14[0m - [91merror[0m[90m TS2742: [0mThe inferred type of 'trpcExpress' cannot be named without a reference to '.pnpm/@types+express@4.17.21/node_modules/@types/express'. This is likely not portable. A type annotation is necessary.

[7m5[0m export const trpcExpress = createExpressMiddleware({
[7m [0m [91m             ~~~~~~~~~~~[0m

[96msrc/routers/index.ts[0m:[93m4[0m:[93m14[0m - [91merror[0m[90m TS2742: [0mThe inferred type of 'appRouter' cannot be named without a reference to '.pnpm/@types+express-serve-static-core@4.19.6/node_modules/@types/express-serve-static-core'. This is likely not portable. A type annotation is necessary.

[7m4[0m export const appRouter = router({
[7m [0m [91m             ~~~~~~~~~[0m

[96msrc/routers/index.ts[0m:[93m4[0m:[93m14[0m - [91merror[0m[90m TS2742: [0mThe inferred type of 'appRouter' cannot be named without a reference to '.pnpm/@types+express@4.17.21/node_modules/@types/express'. This is likely not portable. A type annotation is necessary.

[7m4[0m export const appRouter = router({
[7m [0m [91m             ~~~~~~~~~[0m

[96msrc/routers/index.ts[0m:[93m4[0m:[93m14[0m - [91merror[0m[90m TS2742: [0mThe inferred type of 'appRouter' cannot be named without a reference to '.pnpm/@types+qs@6.9.18/node_modules/@types/qs'. This is likely not portable. A type annotation is necessary.

[7m4[0m export const appRouter = router({
[7m [0m [91m             ~~~~~~~~~[0m

[96msrc/trpc.ts[0m:[93m5[0m:[93m14[0m - [91merror[0m[90m TS2742: [0mThe inferred type of 'createContext' cannot be named without a reference to '.pnpm/@types+express-serve-static-core@4.19.6/node_modules/@types/express-serve-static-core'. This is likely not portable. A type annotation is necessary.

[7m5[0m export const createContext = ({
[7m [0m [91m             ~~~~~~~~~~~~~[0m

[96msrc/trpc.ts[0m:[93m5[0m:[93m14[0m - [91merror[0m[90m TS2742: [0mThe inferred type of 'createContext' cannot be named without a reference to '.pnpm/@types+express@4.17.21/node_modules/@types/express'. This is likely not portable. A type annotation is necessary.

[7m5[0m export const createContext = ({
[7m [0m [91m             ~~~~~~~~~~~~~[0m

[96msrc/trpc.ts[0m:[93m5[0m:[93m14[0m - [91merror[0m[90m TS2742: [0mThe inferred type of 'createContext' cannot be named without a reference to '.pnpm/@types+qs@6.9.18/node_modules/@types/qs'. This is likely not portable. A type annotation is necessary.

[7m5[0m export const createContext = ({
[7m [0m [91m             ~~~~~~~~~~~~~[0m

[96msrc/trpc.ts[0m:[93m11[0m:[93m14[0m - [91merror[0m[90m TS2742: [0mThe inferred type of 't' cannot be named without a reference to '.pnpm/@types+express-serve-static-core@4.19.6/node_modules/@types/express-serve-static-core'. This is likely not portable. A type annotation is necessary.

[7m11[0m export const t = initTRPC.context<Context>().create({ transformer: superjson });
[7m  [0m [91m             ~[0m

[96msrc/trpc.ts[0m:[93m11[0m:[93m14[0m - [91merror[0m[90m TS2742: [0mThe inferred type of 't' cannot be named without a reference to '.pnpm/@types+express@4.17.21/node_modules/@types/express'. This is likely not portable. A type annotation is necessary.

[7m11[0m export const t = initTRPC.context<Context>().create({ transformer: superjson });
[7m  [0m [91m             ~[0m

[96msrc/trpc.ts[0m:[93m11[0m:[93m14[0m - [91merror[0m[90m TS2742: [0mThe inferred type of 't' cannot be named without a reference to '.pnpm/@types+qs@6.9.18/node_modules/@types/qs'. This is likely not portable. A type annotation is necessary.

[7m11[0m export const t = initTRPC.context<Context>().create({ transformer: superjson });
[7m  [0m [91m             ~[0m

[96msrc/trpc.ts[0m:[93m13[0m:[93m14[0m - [91merror[0m[90m TS2742: [0mThe inferred type of 'router' cannot be named without a reference to '.pnpm/@types+express-serve-static-core@4.19.6/node_modules/@types/express-serve-static-core'. This is likely not portable. A type annotation is necessary.

[7m13[0m export const router = t.router;
[7m  [0m [91m             ~~~~~~[0m

[96msrc/trpc.ts[0m:[93m13[0m:[93m14[0m - [91merror[0m[90m TS2742: [0mThe inferred type of 'router' cannot be named without a reference to '.pnpm/@types+express@4.17.21/node_modules/@types/express'. This is likely not portable. A type annotation is necessary.

[7m13[0m export const router = t.router;
[7m  [0m [91m             ~~~~~~[0m

[96msrc/trpc.ts[0m:[93m13[0m:[93m14[0m - [91merror[0m[90m TS2742: [0mThe inferred type of 'router' cannot be named without a reference to '.pnpm/@types+qs@6.9.18/node_modules/@types/qs'. This is likely not portable. A type annotation is necessary.

[7m13[0m export const router = t.router;
[7m  [0m [91m             ~~~~~~[0m

[96msrc/trpc.ts[0m:[93m15[0m:[93m14[0m - [91merror[0m[90m TS2742: [0mThe inferred type of 'publicProcedure' cannot be named without a reference to '.pnpm/@types+express-serve-static-core@4.19.6/node_modules/@types/express-serve-static-core'. This is likely not portable. A type annotation is necessary.

[7m15[0m export const publicProcedure = t.procedure;
[7m  [0m [91m             ~~~~~~~~~~~~~~~[0m

[96msrc/trpc.ts[0m:[93m15[0m:[93m14[0m - [91merror[0m[90m TS2742: [0mThe inferred type of 'publicProcedure' cannot be named without a reference to '.pnpm/@types+express@4.17.21/node_modules/@types/express'. This is likely not portable. A type annotation is necessary.

[7m15[0m export const publicProcedure = t.procedure;
[7m  [0m [91m             ~~~~~~~~~~~~~~~[0m

[96msrc/trpc.ts[0m:[93m15[0m:[93m14[0m - [91merror[0m[90m TS2742: [0mThe inferred type of 'publicProcedure' cannot be named without a reference to '.pnpm/@types+qs@6.9.18/node_modules/@types/qs'. This is likely not portable. A type annotation is necessary.

[7m15[0m export const publicProcedure = t.procedure;
[7m  [0m [91m             ~~~~~~~~~~~~~~~[0m


Found 16 errors in 3 files.

Errors  Files
     1  src/index.ts[90m:5[0m
     3  src/routers/index.ts[90m:4[0m
    12  src/trpc.ts[90m:5[0m
[41m[30m ELIFECYCLE [39m[49m [31mCommand failed with exit code 1.[39m
